{
  "RSpec": {
    "coverage": {
      "/Users/dylanmeskis/turing/2module/projects/bike_share/spec/models/station_spec.rb": [
        1,
        null,
        1,
        1,
        null
      ],
      "/Users/dylanmeskis/turing/2module/projects/bike_share/app/models/station.rb": [
        1,
        null
      ],
      "/Users/dylanmeskis/turing/2module/projects/bike_share/app/models/application_record.rb": [
        1,
        1,
        null
      ],
      "/Users/dylanmeskis/turing/2module/projects/bike_share/app/controllers/stations_controller.rb": [
        1,
        null,
        1,
        1,
        null,
        null,
        null
      ],
      "/Users/dylanmeskis/turing/2module/projects/bike_share/app/controllers/application_controller.rb": [
        1,
        1,
        null
      ]
    },
    "timestamp": 1536426028
  }
}
