{
  "RSpec": {
    "coverage": {
      "/Users/dylanmeskis/turing/2module/projects/bike_share/spec/features/visitor_can_see_index_of_all_stations_spec.rb": [
        1,
        null,
        1,
        1,
        1,
        null,
        1,
        1,
        1,
        null,
        1,
        1,
        1,
        1,
        null,
        1,
        1,
        1,
        1,
        null,
        null,
        null
      ],
      "/Users/dylanmeskis/turing/2module/projects/bike_share/spec/features/visitor_can_see_index_of_all_trips_spec.rb": [
        1,
        null,
        1,
        1,
        1,
        1,
        1,
        null,
        1,
        null,
        1,
        1,
        1,
        1,
        1,
        1,
        1,
        1,
        1,
        1,
        1,
        1,
        1,
        1,
        1,
        1,
        null,
        null,
        1,
        1,
        null,
        0,
        0,
        null,
        null,
        0,
        null,
        0,
        null,
        null,
        null,
        null,
        null,
        null
      ],
      "/Users/dylanmeskis/turing/2module/projects/bike_share/spec/models/station_spec.rb": [
        1,
        null,
        1,
        1,
        2,
        2,
        2,
        2,
        null,
        null,
        null,
        null,
        null,
        null,
        null,
        1,
        2,
        null,
        null
      ],
      "/Users/dylanmeskis/turing/2module/projects/bike_share/app/models/station.rb": [
        1,
        1,
        1,
        null,
        null,
        1,
        1,
        1,
        null,
        1,
        1,
        null,
        null,
        1,
        1,
        7,
        null,
        null
      ],
      "/Users/dylanmeskis/turing/2module/projects/bike_share/app/models/application_record.rb": [
        1,
        1,
        null
      ],
      "/Users/dylanmeskis/turing/2module/projects/bike_share/spec/models/trip_spec.rb": [
        1,
        null,
        1,
        1,
        2,
        2,
        2,
        2,
        2,
        2,
        2,
        2,
        null,
        1,
        2,
        2,
        null,
        null
      ],
      "/Users/dylanmeskis/turing/2module/projects/bike_share/app/models/trip.rb": [
        1,
        1,
        null,
        null,
        null,
        null,
        null,
        null,
        null,
        null,
        1,
        1,
        null
      ],
      "/Users/dylanmeskis/turing/2module/projects/bike_share/app/controllers/stations_controller.rb": [
        1,
        null,
        1,
        1,
        null,
        null,
        1,
        1,
        null,
        null
      ],
      "/Users/dylanmeskis/turing/2module/projects/bike_share/app/controllers/application_controller.rb": [
        1,
        1,
        null
      ],
      "/Users/dylanmeskis/turing/2module/projects/bike_share/app/controllers/trips_controller.rb": [
        1,
        null,
        1,
        1,
        null,
        null
      ]
    },
    "timestamp": 1536438177
  }
}
